<?xml version='1.0'?>
<ns2:test-suite xmlns:ns2='urn:model.allure.qatools.yandex.ru' start='1621489434715' stop='1621489445199'>
    <name>test dhaka page of birkroy.com</name>
    <title>test dhaka page of birkroy.com</title>
    <test-cases>
        <test-case start='1621489434716' status='passed' stop='1621489438809'>
            <name>find lowest value</name>
            <title>find lowest value</title>
            <labels/>
            <parameters/>
            <steps/>
            <attachments/>
        </test-case>
        <test-case start='1621489438809' status='failed' stop='1621489440487'>
            <name>click on loweat value</name>
            <title>click on loweat value</title>
            <labels/>
            <parameters/>
            <steps/>
            <attachments/>
            <failure>
                <message>Failed: Index out of bound. Trying to access element at index: -1, but there are only 0 elements that match locator By(css selector, .normal--2QYVk)</message>
                <stack-trace>NoSuchElementError: Index out of bound. Trying to access element at index: -1, but there are only 0 elements that match locator By(css selector, .normal--2QYVk)
                    at C:\Users\LS\AppData\Roaming\npm\node_modules\protractor\built\element.js:274:27
                    at ManagedPromise.invokeCallback_ (C:\Users\LS\AppData\Roaming\npm\node_modules\protractor\node_modules\selenium-webdriver\lib\promise.js:1376:14)
                    at TaskQueue.execute_ (C:\Users\LS\AppData\Roaming\npm\node_modules\protractor\node_modules\selenium-webdriver\lib\promise.js:3084:14)
                    at TaskQueue.executeNext_ (C:\Users\LS\AppData\Roaming\npm\node_modules\protractor\node_modules\selenium-webdriver\lib\promise.js:3067:27)
                    at C:\Users\LS\AppData\Roaming\npm\node_modules\protractor\node_modules\selenium-webdriver\lib\promise.js:2927:27
                    at C:\Users\LS\AppData\Roaming\npm\node_modules\protractor\node_modules\selenium-webdriver\lib\promise.js:668:7
                    at processTicksAndRejections (internal/process/task_queues.js:93:5)Error
                    at ElementArrayFinder.applyAction_ (C:\Users\LS\AppData\Roaming\npm\node_modules\protractor\built\element.js:459:27)
                    at ElementArrayFinder.&lt;computed> [as click] (C:\Users\LS\AppData\Roaming\npm\node_modules\protractor\built\element.js:91:29)
                    at ElementFinder.&lt;computed> [as click] (C:\Users\LS\AppData\Roaming\npm\node_modules\protractor\built\element.js:831:22)
                    at MymensinghPage.do_click_lowest_value (C:\Users\LS\Desktop\javascript_automation\Test_2_3\Pages\BasePage.js:17:64)
                    at UserContext.&lt;anonymous> (C:\Users\LS\Desktop\javascript_automation\Test_2_3\Tests\mymensingh.spec.js:15:30)
                    at processTicksAndRejections (internal/process/task_queues.js:93:5)
                From: Task: Run it("click on loweat value") in control flow
                    at UserContext.&lt;anonymous> (C:\Users\LS\AppData\Roaming\npm\node_modules\protractor\node_modules\jasminewd2\index.js:94:19)
                    at attempt (C:\Users\LS\AppData\Roaming\npm\node_modules\protractor\node_modules\jasmine-core\lib\jasmine-core\jasmine.js:4297:26)
                    at QueueRunner.run (C:\Users\LS\AppData\Roaming\npm\node_modules\protractor\node_modules\jasmine-core\lib\jasmine-core\jasmine.js:4217:20)
                    at runNext (C:\Users\LS\AppData\Roaming\npm\node_modules\protractor\node_modules\jasmine-core\lib\jasmine-core\jasmine.js:4257:20)
                    at C:\Users\LS\AppData\Roaming\npm\node_modules\protractor\node_modules\jasmine-core\lib\jasmine-core\jasmine.js:4264:13
                    at C:\Users\LS\AppData\Roaming\npm\node_modules\protractor\node_modules\jasmine-core\lib\jasmine-core\jasmine.js:4172:9
                    at C:\Users\LS\AppData\Roaming\npm\node_modules\protractor\node_modules\jasminewd2\index.js:64:48
                    at ControlFlow.emit (C:\Users\LS\AppData\Roaming\npm\node_modules\protractor\node_modules\selenium-webdriver\lib\events.js:62:21)
                    at ControlFlow.shutdown_ (C:\Users\LS\AppData\Roaming\npm\node_modules\protractor\node_modules\selenium-webdriver\lib\promise.js:2674:10)
                    at C:\Users\LS\AppData\Roaming\npm\node_modules\protractor\node_modules\selenium-webdriver\lib\promise.js:2599:53
                From asynchronous test: 
                Error
                    at Suite.&lt;anonymous> (C:\Users\LS\Desktop\javascript_automation\Test_2_3\Tests\mymensingh.spec.js:12:5)
                    at addSpecsToSuite (C:\Users\LS\AppData\Roaming\npm\node_modules\protractor\node_modules\jasmine-core\lib\jasmine-core\jasmine.js:1107:25)
                    at Env.describe (C:\Users\LS\AppData\Roaming\npm\node_modules\protractor\node_modules\jasmine-core\lib\jasmine-core\jasmine.js:1074:7)
                    at describe (C:\Users\LS\AppData\Roaming\npm\node_modules\protractor\node_modules\jasmine-core\lib\jasmine-core\jasmine.js:4399:18)
                    at Object.&lt;anonymous> (C:\Users\LS\Desktop\javascript_automation\Test_2_3\Tests\mymensingh.spec.js:3:1)
                    at Module._compile (internal/modules/cjs/loader.js:1063:30)
                    at Object.Module._extensions..js (internal/modules/cjs/loader.js:1092:10)
                    at Module.load (internal/modules/cjs/loader.js:928:32)
                    at Function.Module._load (internal/modules/cjs/loader.js:769:14)</stack-trace>
            </failure>
        </test-case>
        <test-case start='1621489440487' status='failed' stop='1621489442213'>
            <name>find date text</name>
            <title>find date text</title>
            <labels/>
            <parameters/>
            <steps/>
            <attachments/>
            <failure>
                <message>Failed: Index out of bound. Trying to access element at index: -1, but there are only 0 elements that match locator By(css selector, .normal--2QYVk)</message>
                <stack-trace>NoSuchElementError: Index out of bound. Trying to access element at index: -1, but there are only 0 elements that match locator By(css selector, .normal--2QYVk)
                    at C:\Users\LS\AppData\Roaming\npm\node_modules\protractor\built\element.js:274:27
                    at ManagedPromise.invokeCallback_ (C:\Users\LS\AppData\Roaming\npm\node_modules\protractor\node_modules\selenium-webdriver\lib\promise.js:1376:14)
                    at TaskQueue.execute_ (C:\Users\LS\AppData\Roaming\npm\node_modules\protractor\node_modules\selenium-webdriver\lib\promise.js:3084:14)
                    at TaskQueue.executeNext_ (C:\Users\LS\AppData\Roaming\npm\node_modules\protractor\node_modules\selenium-webdriver\lib\promise.js:3067:27)
                    at C:\Users\LS\AppData\Roaming\npm\node_modules\protractor\node_modules\selenium-webdriver\lib\promise.js:2927:27
                    at C:\Users\LS\AppData\Roaming\npm\node_modules\protractor\node_modules\selenium-webdriver\lib\promise.js:668:7
                    at processTicksAndRejections (internal/process/task_queues.js:93:5)Error
                    at ElementArrayFinder.applyAction_ (C:\Users\LS\AppData\Roaming\npm\node_modules\protractor\built\element.js:459:27)
                    at ElementArrayFinder.&lt;computed> [as click] (C:\Users\LS\AppData\Roaming\npm\node_modules\protractor\built\element.js:91:29)
                    at ElementFinder.&lt;computed> [as click] (C:\Users\LS\AppData\Roaming\npm\node_modules\protractor\built\element.js:831:22)
                    at MymensinghPage.do_click_lowest_value (C:\Users\LS\Desktop\javascript_automation\Test_2_3\Pages\BasePage.js:17:64)
                    at UserContext.&lt;anonymous> (C:\Users\LS\Desktop\javascript_automation\Test_2_3\Tests\mymensingh.spec.js:21:30)
                    at processTicksAndRejections (internal/process/task_queues.js:93:5)
                From: Task: Run it("find date text") in control flow
                    at UserContext.&lt;anonymous> (C:\Users\LS\AppData\Roaming\npm\node_modules\protractor\node_modules\jasminewd2\index.js:94:19)
                    at attempt (C:\Users\LS\AppData\Roaming\npm\node_modules\protractor\node_modules\jasmine-core\lib\jasmine-core\jasmine.js:4297:26)
                    at QueueRunner.run (C:\Users\LS\AppData\Roaming\npm\node_modules\protractor\node_modules\jasmine-core\lib\jasmine-core\jasmine.js:4217:20)
                    at runNext (C:\Users\LS\AppData\Roaming\npm\node_modules\protractor\node_modules\jasmine-core\lib\jasmine-core\jasmine.js:4257:20)
                    at C:\Users\LS\AppData\Roaming\npm\node_modules\protractor\node_modules\jasmine-core\lib\jasmine-core\jasmine.js:4264:13
                    at C:\Users\LS\AppData\Roaming\npm\node_modules\protractor\node_modules\jasmine-core\lib\jasmine-core\jasmine.js:4172:9
                    at C:\Users\LS\AppData\Roaming\npm\node_modules\protractor\node_modules\jasminewd2\index.js:64:48
                    at ControlFlow.emit (C:\Users\LS\AppData\Roaming\npm\node_modules\protractor\node_modules\selenium-webdriver\lib\events.js:62:21)
                    at ControlFlow.shutdown_ (C:\Users\LS\AppData\Roaming\npm\node_modules\protractor\node_modules\selenium-webdriver\lib\promise.js:2674:10)
                    at C:\Users\LS\AppData\Roaming\npm\node_modules\protractor\node_modules\selenium-webdriver\lib\promise.js:2599:53
                From asynchronous test: 
                Error
                    at Suite.&lt;anonymous> (C:\Users\LS\Desktop\javascript_automation\Test_2_3\Tests\mymensingh.spec.js:18:5)
                    at addSpecsToSuite (C:\Users\LS\AppData\Roaming\npm\node_modules\protractor\node_modules\jasmine-core\lib\jasmine-core\jasmine.js:1107:25)
                    at Env.describe (C:\Users\LS\AppData\Roaming\npm\node_modules\protractor\node_modules\jasmine-core\lib\jasmine-core\jasmine.js:1074:7)
                    at describe (C:\Users\LS\AppData\Roaming\npm\node_modules\protractor\node_modules\jasmine-core\lib\jasmine-core\jasmine.js:4399:18)
                    at Object.&lt;anonymous> (C:\Users\LS\Desktop\javascript_automation\Test_2_3\Tests\mymensingh.spec.js:3:1)
                    at Module._compile (internal/modules/cjs/loader.js:1063:30)
                    at Object.Module._extensions..js (internal/modules/cjs/loader.js:1092:10)
                    at Module.load (internal/modules/cjs/loader.js:928:32)
                    at Function.Module._load (internal/modules/cjs/loader.js:769:14)</stack-trace>
            </failure>
        </test-case>
        <test-case start='1621489442213' status='failed' stop='1621489443015'>
            <name>find element text</name>
            <title>find element text</title>
            <labels/>
            <parameters/>
            <steps/>
            <attachments/>
            <failure>
                <message>Failed: Index out of bound. Trying to access element at index: -1, but there are only 0 elements that match locator By(css selector, .normal--2QYVk)</message>
                <stack-trace>NoSuchElementError: Index out of bound. Trying to access element at index: -1, but there are only 0 elements that match locator By(css selector, .normal--2QYVk)
                    at C:\Users\LS\AppData\Roaming\npm\node_modules\protractor\built\element.js:274:27
                    at ManagedPromise.invokeCallback_ (C:\Users\LS\AppData\Roaming\npm\node_modules\protractor\node_modules\selenium-webdriver\lib\promise.js:1376:14)
                    at TaskQueue.execute_ (C:\Users\LS\AppData\Roaming\npm\node_modules\protractor\node_modules\selenium-webdriver\lib\promise.js:3084:14)
                    at TaskQueue.executeNext_ (C:\Users\LS\AppData\Roaming\npm\node_modules\protractor\node_modules\selenium-webdriver\lib\promise.js:3067:27)
                    at C:\Users\LS\AppData\Roaming\npm\node_modules\protractor\node_modules\selenium-webdriver\lib\promise.js:2927:27
                    at C:\Users\LS\AppData\Roaming\npm\node_modules\protractor\node_modules\selenium-webdriver\lib\promise.js:668:7
                    at processTicksAndRejections (internal/process/task_queues.js:93:5)Error
                    at ElementArrayFinder.applyAction_ (C:\Users\LS\AppData\Roaming\npm\node_modules\protractor\built\element.js:459:27)
                    at ElementArrayFinder.&lt;computed> [as click] (C:\Users\LS\AppData\Roaming\npm\node_modules\protractor\built\element.js:91:29)
                    at ElementFinder.&lt;computed> [as click] (C:\Users\LS\AppData\Roaming\npm\node_modules\protractor\built\element.js:831:22)
                    at MymensinghPage.do_click_lowest_value (C:\Users\LS\Desktop\javascript_automation\Test_2_3\Pages\BasePage.js:17:64)
                    at UserContext.&lt;anonymous> (C:\Users\LS\Desktop\javascript_automation\Test_2_3\Tests\mymensingh.spec.js:29:30)
                    at processTicksAndRejections (internal/process/task_queues.js:93:5)
                From: Task: Run it("find element text") in control flow
                    at UserContext.&lt;anonymous> (C:\Users\LS\AppData\Roaming\npm\node_modules\protractor\node_modules\jasminewd2\index.js:94:19)
                    at attempt (C:\Users\LS\AppData\Roaming\npm\node_modules\protractor\node_modules\jasmine-core\lib\jasmine-core\jasmine.js:4297:26)
                    at QueueRunner.run (C:\Users\LS\AppData\Roaming\npm\node_modules\protractor\node_modules\jasmine-core\lib\jasmine-core\jasmine.js:4217:20)
                    at runNext (C:\Users\LS\AppData\Roaming\npm\node_modules\protractor\node_modules\jasmine-core\lib\jasmine-core\jasmine.js:4257:20)
                    at C:\Users\LS\AppData\Roaming\npm\node_modules\protractor\node_modules\jasmine-core\lib\jasmine-core\jasmine.js:4264:13
                    at C:\Users\LS\AppData\Roaming\npm\node_modules\protractor\node_modules\jasmine-core\lib\jasmine-core\jasmine.js:4172:9
                    at C:\Users\LS\AppData\Roaming\npm\node_modules\protractor\node_modules\jasminewd2\index.js:64:48
                    at ControlFlow.emit (C:\Users\LS\AppData\Roaming\npm\node_modules\protractor\node_modules\selenium-webdriver\lib\events.js:62:21)
                    at ControlFlow.shutdown_ (C:\Users\LS\AppData\Roaming\npm\node_modules\protractor\node_modules\selenium-webdriver\lib\promise.js:2674:10)
                    at C:\Users\LS\AppData\Roaming\npm\node_modules\protractor\node_modules\selenium-webdriver\lib\promise.js:2599:53
                From asynchronous test: 
                Error
                    at Suite.&lt;anonymous> (C:\Users\LS\Desktop\javascript_automation\Test_2_3\Tests\mymensingh.spec.js:26:5)
                    at addSpecsToSuite (C:\Users\LS\AppData\Roaming\npm\node_modules\protractor\node_modules\jasmine-core\lib\jasmine-core\jasmine.js:1107:25)
                    at Env.describe (C:\Users\LS\AppData\Roaming\npm\node_modules\protractor\node_modules\jasmine-core\lib\jasmine-core\jasmine.js:1074:7)
                    at describe (C:\Users\LS\AppData\Roaming\npm\node_modules\protractor\node_modules\jasmine-core\lib\jasmine-core\jasmine.js:4399:18)
                    at Object.&lt;anonymous> (C:\Users\LS\Desktop\javascript_automation\Test_2_3\Tests\mymensingh.spec.js:3:1)
                    at Module._compile (internal/modules/cjs/loader.js:1063:30)
                    at Object.Module._extensions..js (internal/modules/cjs/loader.js:1092:10)
                    at Module.load (internal/modules/cjs/loader.js:928:32)
                    at Function.Module._load (internal/modules/cjs/loader.js:769:14)</stack-trace>
            </failure>
        </test-case>
        <test-case start='1621489443016' status='failed' stop='1621489443832'>
            <name>click number button</name>
            <title>click number button</title>
            <labels/>
            <parameters/>
            <steps/>
            <attachments/>
            <failure>
                <message>Failed: Index out of bound. Trying to access element at index: -1, but there are only 0 elements that match locator By(css selector, .normal--2QYVk)</message>
                <stack-trace>NoSuchElementError: Index out of bound. Trying to access element at index: -1, but there are only 0 elements that match locator By(css selector, .normal--2QYVk)
                    at C:\Users\LS\AppData\Roaming\npm\node_modules\protractor\built\element.js:274:27
                    at ManagedPromise.invokeCallback_ (C:\Users\LS\AppData\Roaming\npm\node_modules\protractor\node_modules\selenium-webdriver\lib\promise.js:1376:14)
                    at TaskQueue.execute_ (C:\Users\LS\AppData\Roaming\npm\node_modules\protractor\node_modules\selenium-webdriver\lib\promise.js:3084:14)
                    at TaskQueue.executeNext_ (C:\Users\LS\AppData\Roaming\npm\node_modules\protractor\node_modules\selenium-webdriver\lib\promise.js:3067:27)
                    at C:\Users\LS\AppData\Roaming\npm\node_modules\protractor\node_modules\selenium-webdriver\lib\promise.js:2927:27
                    at C:\Users\LS\AppData\Roaming\npm\node_modules\protractor\node_modules\selenium-webdriver\lib\promise.js:668:7
                    at processTicksAndRejections (internal/process/task_queues.js:93:5)Error
                    at ElementArrayFinder.applyAction_ (C:\Users\LS\AppData\Roaming\npm\node_modules\protractor\built\element.js:459:27)
                    at ElementArrayFinder.&lt;computed> [as click] (C:\Users\LS\AppData\Roaming\npm\node_modules\protractor\built\element.js:91:29)
                    at ElementFinder.&lt;computed> [as click] (C:\Users\LS\AppData\Roaming\npm\node_modules\protractor\built\element.js:831:22)
                    at MymensinghPage.do_click_lowest_value (C:\Users\LS\Desktop\javascript_automation\Test_2_3\Pages\BasePage.js:17:64)
                    at UserContext.&lt;anonymous> (C:\Users\LS\Desktop\javascript_automation\Test_2_3\Tests\mymensingh.spec.js:37:30)
                    at processTicksAndRejections (internal/process/task_queues.js:93:5)
                From: Task: Run it("click number button") in control flow
                    at UserContext.&lt;anonymous> (C:\Users\LS\AppData\Roaming\npm\node_modules\protractor\node_modules\jasminewd2\index.js:94:19)
                    at attempt (C:\Users\LS\AppData\Roaming\npm\node_modules\protractor\node_modules\jasmine-core\lib\jasmine-core\jasmine.js:4297:26)
                    at QueueRunner.run (C:\Users\LS\AppData\Roaming\npm\node_modules\protractor\node_modules\jasmine-core\lib\jasmine-core\jasmine.js:4217:20)
                    at runNext (C:\Users\LS\AppData\Roaming\npm\node_modules\protractor\node_modules\jasmine-core\lib\jasmine-core\jasmine.js:4257:20)
                    at C:\Users\LS\AppData\Roaming\npm\node_modules\protractor\node_modules\jasmine-core\lib\jasmine-core\jasmine.js:4264:13
                    at C:\Users\LS\AppData\Roaming\npm\node_modules\protractor\node_modules\jasmine-core\lib\jasmine-core\jasmine.js:4172:9
                    at C:\Users\LS\AppData\Roaming\npm\node_modules\protractor\node_modules\jasminewd2\index.js:64:48
                    at ControlFlow.emit (C:\Users\LS\AppData\Roaming\npm\node_modules\protractor\node_modules\selenium-webdriver\lib\events.js:62:21)
                    at ControlFlow.shutdown_ (C:\Users\LS\AppData\Roaming\npm\node_modules\protractor\node_modules\selenium-webdriver\lib\promise.js:2674:10)
                    at C:\Users\LS\AppData\Roaming\npm\node_modules\protractor\node_modules\selenium-webdriver\lib\promise.js:2599:53
                From asynchronous test: 
                Error
                    at Suite.&lt;anonymous> (C:\Users\LS\Desktop\javascript_automation\Test_2_3\Tests\mymensingh.spec.js:34:5)
                    at addSpecsToSuite (C:\Users\LS\AppData\Roaming\npm\node_modules\protractor\node_modules\jasmine-core\lib\jasmine-core\jasmine.js:1107:25)
                    at Env.describe (C:\Users\LS\AppData\Roaming\npm\node_modules\protractor\node_modules\jasmine-core\lib\jasmine-core\jasmine.js:1074:7)
                    at describe (C:\Users\LS\AppData\Roaming\npm\node_modules\protractor\node_modules\jasmine-core\lib\jasmine-core\jasmine.js:4399:18)
                    at Object.&lt;anonymous> (C:\Users\LS\Desktop\javascript_automation\Test_2_3\Tests\mymensingh.spec.js:3:1)
                    at Module._compile (internal/modules/cjs/loader.js:1063:30)
                    at Object.Module._extensions..js (internal/modules/cjs/loader.js:1092:10)
                    at Module.load (internal/modules/cjs/loader.js:928:32)
                    at Function.Module._load (internal/modules/cjs/loader.js:769:14)</stack-trace>
            </failure>
        </test-case>
        <test-case start='1621489443832' status='failed' stop='1621489445198'>
            <name>valid_phone_number</name>
            <title>valid_phone_number</title>
            <labels/>
            <parameters/>
            <steps/>
            <attachments/>
            <failure>
                <message>Failed: Index out of bound. Trying to access element at index: -1, but there are only 0 elements that match locator By(css selector, .normal--2QYVk)</message>
                <stack-trace>NoSuchElementError: Index out of bound. Trying to access element at index: -1, but there are only 0 elements that match locator By(css selector, .normal--2QYVk)
                    at C:\Users\LS\AppData\Roaming\npm\node_modules\protractor\built\element.js:274:27
                    at ManagedPromise.invokeCallback_ (C:\Users\LS\AppData\Roaming\npm\node_modules\protractor\node_modules\selenium-webdriver\lib\promise.js:1376:14)
                    at TaskQueue.execute_ (C:\Users\LS\AppData\Roaming\npm\node_modules\protractor\node_modules\selenium-webdriver\lib\promise.js:3084:14)
                    at TaskQueue.executeNext_ (C:\Users\LS\AppData\Roaming\npm\node_modules\protractor\node_modules\selenium-webdriver\lib\promise.js:3067:27)
                    at C:\Users\LS\AppData\Roaming\npm\node_modules\protractor\node_modules\selenium-webdriver\lib\promise.js:2927:27
                    at C:\Users\LS\AppData\Roaming\npm\node_modules\protractor\node_modules\selenium-webdriver\lib\promise.js:668:7
                    at processTicksAndRejections (internal/process/task_queues.js:93:5)Error
                    at ElementArrayFinder.applyAction_ (C:\Users\LS\AppData\Roaming\npm\node_modules\protractor\built\element.js:459:27)
                    at ElementArrayFinder.&lt;computed> [as click] (C:\Users\LS\AppData\Roaming\npm\node_modules\protractor\built\element.js:91:29)
                    at ElementFinder.&lt;computed> [as click] (C:\Users\LS\AppData\Roaming\npm\node_modules\protractor\built\element.js:831:22)
                    at MymensinghPage.do_click_lowest_value (C:\Users\LS\Desktop\javascript_automation\Test_2_3\Pages\BasePage.js:17:64)
                    at UserContext.&lt;anonymous> (C:\Users\LS\Desktop\javascript_automation\Test_2_3\Tests\mymensingh.spec.js:44:30)
                    at processTicksAndRejections (internal/process/task_queues.js:93:5)
                From: Task: Run it("valid_phone_number") in control flow
                    at UserContext.&lt;anonymous> (C:\Users\LS\AppData\Roaming\npm\node_modules\protractor\node_modules\jasminewd2\index.js:94:19)
                    at attempt (C:\Users\LS\AppData\Roaming\npm\node_modules\protractor\node_modules\jasmine-core\lib\jasmine-core\jasmine.js:4297:26)
                    at QueueRunner.run (C:\Users\LS\AppData\Roaming\npm\node_modules\protractor\node_modules\jasmine-core\lib\jasmine-core\jasmine.js:4217:20)
                    at runNext (C:\Users\LS\AppData\Roaming\npm\node_modules\protractor\node_modules\jasmine-core\lib\jasmine-core\jasmine.js:4257:20)
                    at C:\Users\LS\AppData\Roaming\npm\node_modules\protractor\node_modules\jasmine-core\lib\jasmine-core\jasmine.js:4264:13
                    at C:\Users\LS\AppData\Roaming\npm\node_modules\protractor\node_modules\jasmine-core\lib\jasmine-core\jasmine.js:4172:9
                    at C:\Users\LS\AppData\Roaming\npm\node_modules\protractor\node_modules\jasminewd2\index.js:64:48
                    at ControlFlow.emit (C:\Users\LS\AppData\Roaming\npm\node_modules\protractor\node_modules\selenium-webdriver\lib\events.js:62:21)
                    at ControlFlow.shutdown_ (C:\Users\LS\AppData\Roaming\npm\node_modules\protractor\node_modules\selenium-webdriver\lib\promise.js:2674:10)
                    at C:\Users\LS\AppData\Roaming\npm\node_modules\protractor\node_modules\selenium-webdriver\lib\promise.js:2599:53
                From asynchronous test: 
                Error
                    at Suite.&lt;anonymous> (C:\Users\LS\Desktop\javascript_automation\Test_2_3\Tests\mymensingh.spec.js:41:5)
                    at addSpecsToSuite (C:\Users\LS\AppData\Roaming\npm\node_modules\protractor\node_modules\jasmine-core\lib\jasmine-core\jasmine.js:1107:25)
                    at Env.describe (C:\Users\LS\AppData\Roaming\npm\node_modules\protractor\node_modules\jasmine-core\lib\jasmine-core\jasmine.js:1074:7)
                    at describe (C:\Users\LS\AppData\Roaming\npm\node_modules\protractor\node_modules\jasmine-core\lib\jasmine-core\jasmine.js:4399:18)
                    at Object.&lt;anonymous> (C:\Users\LS\Desktop\javascript_automation\Test_2_3\Tests\mymensingh.spec.js:3:1)
                    at Module._compile (internal/modules/cjs/loader.js:1063:30)
                    at Object.Module._extensions..js (internal/modules/cjs/loader.js:1092:10)
                    at Module.load (internal/modules/cjs/loader.js:928:32)
                    at Function.Module._load (internal/modules/cjs/loader.js:769:14)</stack-trace>
            </failure>
        </test-case>
    </test-cases>
</ns2:test-suite>