<?xml version='1.0'?>
<ns2:test-suite xmlns:ns2='urn:model.allure.qatools.yandex.ru' start='1621440068577' stop='1621440068630'>
    <name>test Rajshahi page of birkroy.com</name>
    <title>test Rajshahi page of birkroy.com</title>
    <test-cases>
        <test-case start='1621440068577' status='failed' stop='1621440068586'>
            <name>find lowest value</name>
            <title>find lowest value</title>
            <labels/>
            <parameters/>
            <steps/>
            <attachments/>
            <failure>
                <message>Failed: Tried to run command without establishing a connection</message>
                <stack-trace>NoSuchSessionError: Tried to run command without establishing a connection
                    at Object.throwDecodedError (C:\Users\LS\AppData\Roaming\npm\node_modules\protractor\node_modules\selenium-webdriver\lib\error.js:514:15)
                    at parseHttpResponse (C:\Users\LS\AppData\Roaming\npm\node_modules\protractor\node_modules\selenium-webdriver\lib\http.js:519:13)
                    at C:\Users\LS\AppData\Roaming\npm\node_modules\protractor\node_modules\selenium-webdriver\lib\http.js:441:30
                    at processTicksAndRejections (internal/process/task_queues.js:93:5)
                From: Task: WebDriver.navigate().to(https://bikroy.com/en/ads/rajshahi)
                    at Driver.schedule (C:\Users\LS\AppData\Roaming\npm\node_modules\protractor\node_modules\selenium-webdriver\lib\webdriver.js:807:17)
                    at Navigation.to (C:\Users\LS\AppData\Roaming\npm\node_modules\protractor\node_modules\selenium-webdriver\lib\webdriver.js:1133:25)
                    at Driver.get (C:\Users\LS\AppData\Roaming\npm\node_modules\protractor\node_modules\selenium-webdriver\lib\webdriver.js:988:28)
                    at ProtractorBrowser.get (C:\Users\LS\AppData\Roaming\npm\node_modules\protractor\built\browser.js:653:32)
                    at UserContext.&lt;anonymous> (C:\Users\LS\Desktop\javascript_automation\Test_2_3\Tests\rajshahi.spec.js:5:23)
                    at C:\Users\LS\AppData\Roaming\npm\node_modules\protractor\node_modules\jasminewd2\index.js:112:25
                    at new ManagedPromise (C:\Users\LS\AppData\Roaming\npm\node_modules\protractor\node_modules\selenium-webdriver\lib\promise.js:1077:7)
                    at ControlFlow.promise (C:\Users\LS\AppData\Roaming\npm\node_modules\protractor\node_modules\selenium-webdriver\lib\promise.js:2505:12)
                    at schedulerExecute (C:\Users\LS\AppData\Roaming\npm\node_modules\protractor\node_modules\jasminewd2\index.js:95:18)
                    at TaskQueue.execute_ (C:\Users\LS\AppData\Roaming\npm\node_modules\protractor\node_modules\selenium-webdriver\lib\promise.js:3084:14)
                From: Task: Run beforeEach in control flow
                    at UserContext.&lt;anonymous> (C:\Users\LS\AppData\Roaming\npm\node_modules\protractor\node_modules\jasminewd2\index.js:94:19)
                    at attempt (C:\Users\LS\AppData\Roaming\npm\node_modules\protractor\node_modules\jasmine-core\lib\jasmine-core\jasmine.js:4297:26)
                    at QueueRunner.run (C:\Users\LS\AppData\Roaming\npm\node_modules\protractor\node_modules\jasmine-core\lib\jasmine-core\jasmine.js:4217:20)
                    at QueueRunner.execute (C:\Users\LS\AppData\Roaming\npm\node_modules\protractor\node_modules\jasmine-core\lib\jasmine-core\jasmine.js:4199:10)
                    at Spec.queueRunnerFactory (C:\Users\LS\AppData\Roaming\npm\node_modules\protractor\node_modules\jasmine-core\lib\jasmine-core\jasmine.js:909:35)
                    at Spec.execute (C:\Users\LS\AppData\Roaming\npm\node_modules\protractor\node_modules\jasmine-core\lib\jasmine-core\jasmine.js:526:10)
                    at UserContext.fn (C:\Users\LS\AppData\Roaming\npm\node_modules\protractor\node_modules\jasmine-core\lib\jasmine-core\jasmine.js:5340:37)
                    at attempt (C:\Users\LS\AppData\Roaming\npm\node_modules\protractor\node_modules\jasmine-core\lib\jasmine-core\jasmine.js:4297:26)
                    at QueueRunner.run (C:\Users\LS\AppData\Roaming\npm\node_modules\protractor\node_modules\jasmine-core\lib\jasmine-core\jasmine.js:4217:20)
                    at QueueRunner.execute (C:\Users\LS\AppData\Roaming\npm\node_modules\protractor\node_modules\jasmine-core\lib\jasmine-core\jasmine.js:4199:10)
                From asynchronous test: 
                Error
                    at Suite.&lt;anonymous> (C:\Users\LS\Desktop\javascript_automation\Test_2_3\Tests\rajshahi.spec.js:3:5)
                    at addSpecsToSuite (C:\Users\LS\AppData\Roaming\npm\node_modules\protractor\node_modules\jasmine-core\lib\jasmine-core\jasmine.js:1107:25)
                    at Env.describe (C:\Users\LS\AppData\Roaming\npm\node_modules\protractor\node_modules\jasmine-core\lib\jasmine-core\jasmine.js:1074:7)
                    at describe (C:\Users\LS\AppData\Roaming\npm\node_modules\protractor\node_modules\jasmine-core\lib\jasmine-core\jasmine.js:4399:18)
                    at Object.&lt;anonymous> (C:\Users\LS\Desktop\javascript_automation\Test_2_3\Tests\rajshahi.spec.js:2:1)
                    at Module._compile (internal/modules/cjs/loader.js:1063:30)
                    at Object.Module._extensions..js (internal/modules/cjs/loader.js:1092:10)
                    at Module.load (internal/modules/cjs/loader.js:928:32)
                    at Function.Module._load (internal/modules/cjs/loader.js:769:14)</stack-trace>
            </failure>
        </test-case>
        <test-case start='1621440068586' status='failed' stop='1621440068594'>
            <name>click on loweat value</name>
            <title>click on loweat value</title>
            <labels/>
            <parameters/>
            <steps/>
            <attachments/>
            <failure>
                <message>Failed: Tried to run command without establishing a connection</message>
                <stack-trace>NoSuchSessionError: Tried to run command without establishing a connection
                    at Object.throwDecodedError (C:\Users\LS\AppData\Roaming\npm\node_modules\protractor\node_modules\selenium-webdriver\lib\error.js:514:15)
                    at parseHttpResponse (C:\Users\LS\AppData\Roaming\npm\node_modules\protractor\node_modules\selenium-webdriver\lib\http.js:519:13)
                    at C:\Users\LS\AppData\Roaming\npm\node_modules\protractor\node_modules\selenium-webdriver\lib\http.js:441:30
                    at processTicksAndRejections (internal/process/task_queues.js:93:5)
                From: Task: WebDriver.navigate().to(https://bikroy.com/en/ads/rajshahi)
                    at Driver.schedule (C:\Users\LS\AppData\Roaming\npm\node_modules\protractor\node_modules\selenium-webdriver\lib\webdriver.js:807:17)
                    at Navigation.to (C:\Users\LS\AppData\Roaming\npm\node_modules\protractor\node_modules\selenium-webdriver\lib\webdriver.js:1133:25)
                    at Driver.get (C:\Users\LS\AppData\Roaming\npm\node_modules\protractor\node_modules\selenium-webdriver\lib\webdriver.js:988:28)
                    at ProtractorBrowser.get (C:\Users\LS\AppData\Roaming\npm\node_modules\protractor\built\browser.js:653:32)
                    at UserContext.&lt;anonymous> (C:\Users\LS\Desktop\javascript_automation\Test_2_3\Tests\rajshahi.spec.js:5:23)
                    at C:\Users\LS\AppData\Roaming\npm\node_modules\protractor\node_modules\jasminewd2\index.js:112:25
                    at new ManagedPromise (C:\Users\LS\AppData\Roaming\npm\node_modules\protractor\node_modules\selenium-webdriver\lib\promise.js:1077:7)
                    at ControlFlow.promise (C:\Users\LS\AppData\Roaming\npm\node_modules\protractor\node_modules\selenium-webdriver\lib\promise.js:2505:12)
                    at schedulerExecute (C:\Users\LS\AppData\Roaming\npm\node_modules\protractor\node_modules\jasminewd2\index.js:95:18)
                    at TaskQueue.execute_ (C:\Users\LS\AppData\Roaming\npm\node_modules\protractor\node_modules\selenium-webdriver\lib\promise.js:3084:14)
                From: Task: Run beforeEach in control flow
                    at UserContext.&lt;anonymous> (C:\Users\LS\AppData\Roaming\npm\node_modules\protractor\node_modules\jasminewd2\index.js:94:19)
                    at attempt (C:\Users\LS\AppData\Roaming\npm\node_modules\protractor\node_modules\jasmine-core\lib\jasmine-core\jasmine.js:4297:26)
                    at QueueRunner.run (C:\Users\LS\AppData\Roaming\npm\node_modules\protractor\node_modules\jasmine-core\lib\jasmine-core\jasmine.js:4217:20)
                    at QueueRunner.execute (C:\Users\LS\AppData\Roaming\npm\node_modules\protractor\node_modules\jasmine-core\lib\jasmine-core\jasmine.js:4199:10)
                    at Spec.queueRunnerFactory (C:\Users\LS\AppData\Roaming\npm\node_modules\protractor\node_modules\jasmine-core\lib\jasmine-core\jasmine.js:909:35)
                    at Spec.execute (C:\Users\LS\AppData\Roaming\npm\node_modules\protractor\node_modules\jasmine-core\lib\jasmine-core\jasmine.js:526:10)
                    at UserContext.fn (C:\Users\LS\AppData\Roaming\npm\node_modules\protractor\node_modules\jasmine-core\lib\jasmine-core\jasmine.js:5340:37)
                    at attempt (C:\Users\LS\AppData\Roaming\npm\node_modules\protractor\node_modules\jasmine-core\lib\jasmine-core\jasmine.js:4297:26)
                    at QueueRunner.run (C:\Users\LS\AppData\Roaming\npm\node_modules\protractor\node_modules\jasmine-core\lib\jasmine-core\jasmine.js:4217:20)
                    at runNext (C:\Users\LS\AppData\Roaming\npm\node_modules\protractor\node_modules\jasmine-core\lib\jasmine-core\jasmine.js:4257:20)
                From asynchronous test: 
                Error
                    at Suite.&lt;anonymous> (C:\Users\LS\Desktop\javascript_automation\Test_2_3\Tests\rajshahi.spec.js:3:5)
                    at addSpecsToSuite (C:\Users\LS\AppData\Roaming\npm\node_modules\protractor\node_modules\jasmine-core\lib\jasmine-core\jasmine.js:1107:25)
                    at Env.describe (C:\Users\LS\AppData\Roaming\npm\node_modules\protractor\node_modules\jasmine-core\lib\jasmine-core\jasmine.js:1074:7)
                    at describe (C:\Users\LS\AppData\Roaming\npm\node_modules\protractor\node_modules\jasmine-core\lib\jasmine-core\jasmine.js:4399:18)
                    at Object.&lt;anonymous> (C:\Users\LS\Desktop\javascript_automation\Test_2_3\Tests\rajshahi.spec.js:2:1)
                    at Module._compile (internal/modules/cjs/loader.js:1063:30)
                    at Object.Module._extensions..js (internal/modules/cjs/loader.js:1092:10)
                    at Module.load (internal/modules/cjs/loader.js:928:32)
                    at Function.Module._load (internal/modules/cjs/loader.js:769:14)</stack-trace>
            </failure>
        </test-case>
        <test-case start='1621440068594' status='failed' stop='1621440068602'>
            <name>find date text</name>
            <title>find date text</title>
            <labels/>
            <parameters/>
            <steps/>
            <attachments/>
            <failure>
                <message>Failed: Tried to run command without establishing a connection</message>
                <stack-trace>NoSuchSessionError: Tried to run command without establishing a connection
                    at Object.throwDecodedError (C:\Users\LS\AppData\Roaming\npm\node_modules\protractor\node_modules\selenium-webdriver\lib\error.js:514:15)
                    at parseHttpResponse (C:\Users\LS\AppData\Roaming\npm\node_modules\protractor\node_modules\selenium-webdriver\lib\http.js:519:13)
                    at C:\Users\LS\AppData\Roaming\npm\node_modules\protractor\node_modules\selenium-webdriver\lib\http.js:441:30
                    at processTicksAndRejections (internal/process/task_queues.js:93:5)
                From: Task: WebDriver.navigate().to(https://bikroy.com/en/ads/rajshahi)
                    at Driver.schedule (C:\Users\LS\AppData\Roaming\npm\node_modules\protractor\node_modules\selenium-webdriver\lib\webdriver.js:807:17)
                    at Navigation.to (C:\Users\LS\AppData\Roaming\npm\node_modules\protractor\node_modules\selenium-webdriver\lib\webdriver.js:1133:25)
                    at Driver.get (C:\Users\LS\AppData\Roaming\npm\node_modules\protractor\node_modules\selenium-webdriver\lib\webdriver.js:988:28)
                    at ProtractorBrowser.get (C:\Users\LS\AppData\Roaming\npm\node_modules\protractor\built\browser.js:653:32)
                    at UserContext.&lt;anonymous> (C:\Users\LS\Desktop\javascript_automation\Test_2_3\Tests\rajshahi.spec.js:5:23)
                    at C:\Users\LS\AppData\Roaming\npm\node_modules\protractor\node_modules\jasminewd2\index.js:112:25
                    at new ManagedPromise (C:\Users\LS\AppData\Roaming\npm\node_modules\protractor\node_modules\selenium-webdriver\lib\promise.js:1077:7)
                    at ControlFlow.promise (C:\Users\LS\AppData\Roaming\npm\node_modules\protractor\node_modules\selenium-webdriver\lib\promise.js:2505:12)
                    at schedulerExecute (C:\Users\LS\AppData\Roaming\npm\node_modules\protractor\node_modules\jasminewd2\index.js:95:18)
                    at TaskQueue.execute_ (C:\Users\LS\AppData\Roaming\npm\node_modules\protractor\node_modules\selenium-webdriver\lib\promise.js:3084:14)
                From: Task: Run beforeEach in control flow
                    at UserContext.&lt;anonymous> (C:\Users\LS\AppData\Roaming\npm\node_modules\protractor\node_modules\jasminewd2\index.js:94:19)
                    at attempt (C:\Users\LS\AppData\Roaming\npm\node_modules\protractor\node_modules\jasmine-core\lib\jasmine-core\jasmine.js:4297:26)
                    at QueueRunner.run (C:\Users\LS\AppData\Roaming\npm\node_modules\protractor\node_modules\jasmine-core\lib\jasmine-core\jasmine.js:4217:20)
                    at QueueRunner.execute (C:\Users\LS\AppData\Roaming\npm\node_modules\protractor\node_modules\jasmine-core\lib\jasmine-core\jasmine.js:4199:10)
                    at Spec.queueRunnerFactory (C:\Users\LS\AppData\Roaming\npm\node_modules\protractor\node_modules\jasmine-core\lib\jasmine-core\jasmine.js:909:35)
                    at Spec.execute (C:\Users\LS\AppData\Roaming\npm\node_modules\protractor\node_modules\jasmine-core\lib\jasmine-core\jasmine.js:526:10)
                    at UserContext.fn (C:\Users\LS\AppData\Roaming\npm\node_modules\protractor\node_modules\jasmine-core\lib\jasmine-core\jasmine.js:5340:37)
                    at attempt (C:\Users\LS\AppData\Roaming\npm\node_modules\protractor\node_modules\jasmine-core\lib\jasmine-core\jasmine.js:4297:26)
                    at QueueRunner.run (C:\Users\LS\AppData\Roaming\npm\node_modules\protractor\node_modules\jasmine-core\lib\jasmine-core\jasmine.js:4217:20)
                    at runNext (C:\Users\LS\AppData\Roaming\npm\node_modules\protractor\node_modules\jasmine-core\lib\jasmine-core\jasmine.js:4257:20)
                From asynchronous test: 
                Error
                    at Suite.&lt;anonymous> (C:\Users\LS\Desktop\javascript_automation\Test_2_3\Tests\rajshahi.spec.js:3:5)
                    at addSpecsToSuite (C:\Users\LS\AppData\Roaming\npm\node_modules\protractor\node_modules\jasmine-core\lib\jasmine-core\jasmine.js:1107:25)
                    at Env.describe (C:\Users\LS\AppData\Roaming\npm\node_modules\protractor\node_modules\jasmine-core\lib\jasmine-core\jasmine.js:1074:7)
                    at describe (C:\Users\LS\AppData\Roaming\npm\node_modules\protractor\node_modules\jasmine-core\lib\jasmine-core\jasmine.js:4399:18)
                    at Object.&lt;anonymous> (C:\Users\LS\Desktop\javascript_automation\Test_2_3\Tests\rajshahi.spec.js:2:1)
                    at Module._compile (internal/modules/cjs/loader.js:1063:30)
                    at Object.Module._extensions..js (internal/modules/cjs/loader.js:1092:10)
                    at Module.load (internal/modules/cjs/loader.js:928:32)
                    at Function.Module._load (internal/modules/cjs/loader.js:769:14)</stack-trace>
            </failure>
        </test-case>
        <test-case start='1621440068602' status='failed' stop='1621440068611'>
            <name>find element text</name>
            <title>find element text</title>
            <labels/>
            <parameters/>
            <steps/>
            <attachments/>
            <failure>
                <message>Failed: Tried to run command without establishing a connection</message>
                <stack-trace>NoSuchSessionError: Tried to run command without establishing a connection
                    at Object.throwDecodedError (C:\Users\LS\AppData\Roaming\npm\node_modules\protractor\node_modules\selenium-webdriver\lib\error.js:514:15)
                    at parseHttpResponse (C:\Users\LS\AppData\Roaming\npm\node_modules\protractor\node_modules\selenium-webdriver\lib\http.js:519:13)
                    at C:\Users\LS\AppData\Roaming\npm\node_modules\protractor\node_modules\selenium-webdriver\lib\http.js:441:30
                    at processTicksAndRejections (internal/process/task_queues.js:93:5)
                From: Task: WebDriver.navigate().to(https://bikroy.com/en/ads/rajshahi)
                    at Driver.schedule (C:\Users\LS\AppData\Roaming\npm\node_modules\protractor\node_modules\selenium-webdriver\lib\webdriver.js:807:17)
                    at Navigation.to (C:\Users\LS\AppData\Roaming\npm\node_modules\protractor\node_modules\selenium-webdriver\lib\webdriver.js:1133:25)
                    at Driver.get (C:\Users\LS\AppData\Roaming\npm\node_modules\protractor\node_modules\selenium-webdriver\lib\webdriver.js:988:28)
                    at ProtractorBrowser.get (C:\Users\LS\AppData\Roaming\npm\node_modules\protractor\built\browser.js:653:32)
                    at UserContext.&lt;anonymous> (C:\Users\LS\Desktop\javascript_automation\Test_2_3\Tests\rajshahi.spec.js:5:23)
                    at C:\Users\LS\AppData\Roaming\npm\node_modules\protractor\node_modules\jasminewd2\index.js:112:25
                    at new ManagedPromise (C:\Users\LS\AppData\Roaming\npm\node_modules\protractor\node_modules\selenium-webdriver\lib\promise.js:1077:7)
                    at ControlFlow.promise (C:\Users\LS\AppData\Roaming\npm\node_modules\protractor\node_modules\selenium-webdriver\lib\promise.js:2505:12)
                    at schedulerExecute (C:\Users\LS\AppData\Roaming\npm\node_modules\protractor\node_modules\jasminewd2\index.js:95:18)
                    at TaskQueue.execute_ (C:\Users\LS\AppData\Roaming\npm\node_modules\protractor\node_modules\selenium-webdriver\lib\promise.js:3084:14)
                From: Task: Run beforeEach in control flow
                    at UserContext.&lt;anonymous> (C:\Users\LS\AppData\Roaming\npm\node_modules\protractor\node_modules\jasminewd2\index.js:94:19)
                    at attempt (C:\Users\LS\AppData\Roaming\npm\node_modules\protractor\node_modules\jasmine-core\lib\jasmine-core\jasmine.js:4297:26)
                    at QueueRunner.run (C:\Users\LS\AppData\Roaming\npm\node_modules\protractor\node_modules\jasmine-core\lib\jasmine-core\jasmine.js:4217:20)
                    at QueueRunner.execute (C:\Users\LS\AppData\Roaming\npm\node_modules\protractor\node_modules\jasmine-core\lib\jasmine-core\jasmine.js:4199:10)
                    at Spec.queueRunnerFactory (C:\Users\LS\AppData\Roaming\npm\node_modules\protractor\node_modules\jasmine-core\lib\jasmine-core\jasmine.js:909:35)
                    at Spec.execute (C:\Users\LS\AppData\Roaming\npm\node_modules\protractor\node_modules\jasmine-core\lib\jasmine-core\jasmine.js:526:10)
                    at UserContext.fn (C:\Users\LS\AppData\Roaming\npm\node_modules\protractor\node_modules\jasmine-core\lib\jasmine-core\jasmine.js:5340:37)
                    at attempt (C:\Users\LS\AppData\Roaming\npm\node_modules\protractor\node_modules\jasmine-core\lib\jasmine-core\jasmine.js:4297:26)
                    at QueueRunner.run (C:\Users\LS\AppData\Roaming\npm\node_modules\protractor\node_modules\jasmine-core\lib\jasmine-core\jasmine.js:4217:20)
                    at runNext (C:\Users\LS\AppData\Roaming\npm\node_modules\protractor\node_modules\jasmine-core\lib\jasmine-core\jasmine.js:4257:20)
                From asynchronous test: 
                Error
                    at Suite.&lt;anonymous> (C:\Users\LS\Desktop\javascript_automation\Test_2_3\Tests\rajshahi.spec.js:3:5)
                    at addSpecsToSuite (C:\Users\LS\AppData\Roaming\npm\node_modules\protractor\node_modules\jasmine-core\lib\jasmine-core\jasmine.js:1107:25)
                    at Env.describe (C:\Users\LS\AppData\Roaming\npm\node_modules\protractor\node_modules\jasmine-core\lib\jasmine-core\jasmine.js:1074:7)
                    at describe (C:\Users\LS\AppData\Roaming\npm\node_modules\protractor\node_modules\jasmine-core\lib\jasmine-core\jasmine.js:4399:18)
                    at Object.&lt;anonymous> (C:\Users\LS\Desktop\javascript_automation\Test_2_3\Tests\rajshahi.spec.js:2:1)
                    at Module._compile (internal/modules/cjs/loader.js:1063:30)
                    at Object.Module._extensions..js (internal/modules/cjs/loader.js:1092:10)
                    at Module.load (internal/modules/cjs/loader.js:928:32)
                    at Function.Module._load (internal/modules/cjs/loader.js:769:14)</stack-trace>
            </failure>
        </test-case>
        <test-case start='1621440068611' status='failed' stop='1621440068619'>
            <name>click number button</name>
            <title>click number button</title>
            <labels/>
            <parameters/>
            <steps/>
            <attachments/>
            <failure>
                <message>Failed: Tried to run command without establishing a connection</message>
                <stack-trace>NoSuchSessionError: Tried to run command without establishing a connection
                    at Object.throwDecodedError (C:\Users\LS\AppData\Roaming\npm\node_modules\protractor\node_modules\selenium-webdriver\lib\error.js:514:15)
                    at parseHttpResponse (C:\Users\LS\AppData\Roaming\npm\node_modules\protractor\node_modules\selenium-webdriver\lib\http.js:519:13)
                    at C:\Users\LS\AppData\Roaming\npm\node_modules\protractor\node_modules\selenium-webdriver\lib\http.js:441:30
                    at processTicksAndRejections (internal/process/task_queues.js:93:5)
                From: Task: WebDriver.navigate().to(https://bikroy.com/en/ads/rajshahi)
                    at Driver.schedule (C:\Users\LS\AppData\Roaming\npm\node_modules\protractor\node_modules\selenium-webdriver\lib\webdriver.js:807:17)
                    at Navigation.to (C:\Users\LS\AppData\Roaming\npm\node_modules\protractor\node_modules\selenium-webdriver\lib\webdriver.js:1133:25)
                    at Driver.get (C:\Users\LS\AppData\Roaming\npm\node_modules\protractor\node_modules\selenium-webdriver\lib\webdriver.js:988:28)
                    at ProtractorBrowser.get (C:\Users\LS\AppData\Roaming\npm\node_modules\protractor\built\browser.js:653:32)
                    at UserContext.&lt;anonymous> (C:\Users\LS\Desktop\javascript_automation\Test_2_3\Tests\rajshahi.spec.js:5:23)
                    at C:\Users\LS\AppData\Roaming\npm\node_modules\protractor\node_modules\jasminewd2\index.js:112:25
                    at new ManagedPromise (C:\Users\LS\AppData\Roaming\npm\node_modules\protractor\node_modules\selenium-webdriver\lib\promise.js:1077:7)
                    at ControlFlow.promise (C:\Users\LS\AppData\Roaming\npm\node_modules\protractor\node_modules\selenium-webdriver\lib\promise.js:2505:12)
                    at schedulerExecute (C:\Users\LS\AppData\Roaming\npm\node_modules\protractor\node_modules\jasminewd2\index.js:95:18)
                    at TaskQueue.execute_ (C:\Users\LS\AppData\Roaming\npm\node_modules\protractor\node_modules\selenium-webdriver\lib\promise.js:3084:14)
                From: Task: Run beforeEach in control flow
                    at UserContext.&lt;anonymous> (C:\Users\LS\AppData\Roaming\npm\node_modules\protractor\node_modules\jasminewd2\index.js:94:19)
                    at attempt (C:\Users\LS\AppData\Roaming\npm\node_modules\protractor\node_modules\jasmine-core\lib\jasmine-core\jasmine.js:4297:26)
                    at QueueRunner.run (C:\Users\LS\AppData\Roaming\npm\node_modules\protractor\node_modules\jasmine-core\lib\jasmine-core\jasmine.js:4217:20)
                    at QueueRunner.execute (C:\Users\LS\AppData\Roaming\npm\node_modules\protractor\node_modules\jasmine-core\lib\jasmine-core\jasmine.js:4199:10)
                    at Spec.queueRunnerFactory (C:\Users\LS\AppData\Roaming\npm\node_modules\protractor\node_modules\jasmine-core\lib\jasmine-core\jasmine.js:909:35)
                    at Spec.execute (C:\Users\LS\AppData\Roaming\npm\node_modules\protractor\node_modules\jasmine-core\lib\jasmine-core\jasmine.js:526:10)
                    at UserContext.fn (C:\Users\LS\AppData\Roaming\npm\node_modules\protractor\node_modules\jasmine-core\lib\jasmine-core\jasmine.js:5340:37)
                    at attempt (C:\Users\LS\AppData\Roaming\npm\node_modules\protractor\node_modules\jasmine-core\lib\jasmine-core\jasmine.js:4297:26)
                    at QueueRunner.run (C:\Users\LS\AppData\Roaming\npm\node_modules\protractor\node_modules\jasmine-core\lib\jasmine-core\jasmine.js:4217:20)
                    at runNext (C:\Users\LS\AppData\Roaming\npm\node_modules\protractor\node_modules\jasmine-core\lib\jasmine-core\jasmine.js:4257:20)
                From asynchronous test: 
                Error
                    at Suite.&lt;anonymous> (C:\Users\LS\Desktop\javascript_automation\Test_2_3\Tests\rajshahi.spec.js:3:5)
                    at addSpecsToSuite (C:\Users\LS\AppData\Roaming\npm\node_modules\protractor\node_modules\jasmine-core\lib\jasmine-core\jasmine.js:1107:25)
                    at Env.describe (C:\Users\LS\AppData\Roaming\npm\node_modules\protractor\node_modules\jasmine-core\lib\jasmine-core\jasmine.js:1074:7)
                    at describe (C:\Users\LS\AppData\Roaming\npm\node_modules\protractor\node_modules\jasmine-core\lib\jasmine-core\jasmine.js:4399:18)
                    at Object.&lt;anonymous> (C:\Users\LS\Desktop\javascript_automation\Test_2_3\Tests\rajshahi.spec.js:2:1)
                    at Module._compile (internal/modules/cjs/loader.js:1063:30)
                    at Object.Module._extensions..js (internal/modules/cjs/loader.js:1092:10)
                    at Module.load (internal/modules/cjs/loader.js:928:32)
                    at Function.Module._load (internal/modules/cjs/loader.js:769:14)</stack-trace>
            </failure>
        </test-case>
        <test-case start='1621440068619' status='failed' stop='1621440068630'>
            <name>valid_phone_number</name>
            <title>valid_phone_number</title>
            <labels/>
            <parameters/>
            <steps/>
            <attachments/>
            <failure>
                <message>Failed: Tried to run command without establishing a connection</message>
                <stack-trace>NoSuchSessionError: Tried to run command without establishing a connection
                    at Object.throwDecodedError (C:\Users\LS\AppData\Roaming\npm\node_modules\protractor\node_modules\selenium-webdriver\lib\error.js:514:15)
                    at parseHttpResponse (C:\Users\LS\AppData\Roaming\npm\node_modules\protractor\node_modules\selenium-webdriver\lib\http.js:519:13)
                    at C:\Users\LS\AppData\Roaming\npm\node_modules\protractor\node_modules\selenium-webdriver\lib\http.js:441:30
                    at processTicksAndRejections (internal/process/task_queues.js:93:5)
                From: Task: WebDriver.navigate().to(https://bikroy.com/en/ads/rajshahi)
                    at Driver.schedule (C:\Users\LS\AppData\Roaming\npm\node_modules\protractor\node_modules\selenium-webdriver\lib\webdriver.js:807:17)
                    at Navigation.to (C:\Users\LS\AppData\Roaming\npm\node_modules\protractor\node_modules\selenium-webdriver\lib\webdriver.js:1133:25)
                    at Driver.get (C:\Users\LS\AppData\Roaming\npm\node_modules\protractor\node_modules\selenium-webdriver\lib\webdriver.js:988:28)
                    at ProtractorBrowser.get (C:\Users\LS\AppData\Roaming\npm\node_modules\protractor\built\browser.js:653:32)
                    at UserContext.&lt;anonymous> (C:\Users\LS\Desktop\javascript_automation\Test_2_3\Tests\rajshahi.spec.js:5:23)
                    at C:\Users\LS\AppData\Roaming\npm\node_modules\protractor\node_modules\jasminewd2\index.js:112:25
                    at new ManagedPromise (C:\Users\LS\AppData\Roaming\npm\node_modules\protractor\node_modules\selenium-webdriver\lib\promise.js:1077:7)
                    at ControlFlow.promise (C:\Users\LS\AppData\Roaming\npm\node_modules\protractor\node_modules\selenium-webdriver\lib\promise.js:2505:12)
                    at schedulerExecute (C:\Users\LS\AppData\Roaming\npm\node_modules\protractor\node_modules\jasminewd2\index.js:95:18)
                    at TaskQueue.execute_ (C:\Users\LS\AppData\Roaming\npm\node_modules\protractor\node_modules\selenium-webdriver\lib\promise.js:3084:14)
                From: Task: Run beforeEach in control flow
                    at UserContext.&lt;anonymous> (C:\Users\LS\AppData\Roaming\npm\node_modules\protractor\node_modules\jasminewd2\index.js:94:19)
                    at attempt (C:\Users\LS\AppData\Roaming\npm\node_modules\protractor\node_modules\jasmine-core\lib\jasmine-core\jasmine.js:4297:26)
                    at QueueRunner.run (C:\Users\LS\AppData\Roaming\npm\node_modules\protractor\node_modules\jasmine-core\lib\jasmine-core\jasmine.js:4217:20)
                    at QueueRunner.execute (C:\Users\LS\AppData\Roaming\npm\node_modules\protractor\node_modules\jasmine-core\lib\jasmine-core\jasmine.js:4199:10)
                    at Spec.queueRunnerFactory (C:\Users\LS\AppData\Roaming\npm\node_modules\protractor\node_modules\jasmine-core\lib\jasmine-core\jasmine.js:909:35)
                    at Spec.execute (C:\Users\LS\AppData\Roaming\npm\node_modules\protractor\node_modules\jasmine-core\lib\jasmine-core\jasmine.js:526:10)
                    at UserContext.fn (C:\Users\LS\AppData\Roaming\npm\node_modules\protractor\node_modules\jasmine-core\lib\jasmine-core\jasmine.js:5340:37)
                    at attempt (C:\Users\LS\AppData\Roaming\npm\node_modules\protractor\node_modules\jasmine-core\lib\jasmine-core\jasmine.js:4297:26)
                    at QueueRunner.run (C:\Users\LS\AppData\Roaming\npm\node_modules\protractor\node_modules\jasmine-core\lib\jasmine-core\jasmine.js:4217:20)
                    at runNext (C:\Users\LS\AppData\Roaming\npm\node_modules\protractor\node_modules\jasmine-core\lib\jasmine-core\jasmine.js:4257:20)
                From asynchronous test: 
                Error
                    at Suite.&lt;anonymous> (C:\Users\LS\Desktop\javascript_automation\Test_2_3\Tests\rajshahi.spec.js:3:5)
                    at addSpecsToSuite (C:\Users\LS\AppData\Roaming\npm\node_modules\protractor\node_modules\jasmine-core\lib\jasmine-core\jasmine.js:1107:25)
                    at Env.describe (C:\Users\LS\AppData\Roaming\npm\node_modules\protractor\node_modules\jasmine-core\lib\jasmine-core\jasmine.js:1074:7)
                    at describe (C:\Users\LS\AppData\Roaming\npm\node_modules\protractor\node_modules\jasmine-core\lib\jasmine-core\jasmine.js:4399:18)
                    at Object.&lt;anonymous> (C:\Users\LS\Desktop\javascript_automation\Test_2_3\Tests\rajshahi.spec.js:2:1)
                    at Module._compile (internal/modules/cjs/loader.js:1063:30)
                    at Object.Module._extensions..js (internal/modules/cjs/loader.js:1092:10)
                    at Module.load (internal/modules/cjs/loader.js:928:32)
                    at Function.Module._load (internal/modules/cjs/loader.js:769:14)</stack-trace>
            </failure>
        </test-case>
    </test-cases>
</ns2:test-suite>