<?xml version='1.0'?>
<ns2:test-suite xmlns:ns2='urn:model.allure.qatools.yandex.ru' start='1621440064588' stop='1621440068571'>
    <name>test rangpur page of birkroy.com</name>
    <title>test rangpur page of birkroy.com</title>
    <test-cases>
        <test-case start='1621440064588' status='failed' stop='1621440065872'>
            <name>find lowest value</name>
            <title>find lowest value</title>
            <labels/>
            <parameters/>
            <steps/>
            <attachments/>
            <failure>
                <message>Failed: rangpurPage.find_lowest_value is not a function</message>
                <stack-trace>TypeError: rangpurPage.find_lowest_value is not a function
                    at UserContext.&lt;anonymous> (C:\Users\LS\Desktop\javascript_automation\Test_2_3\Tests\rangpur.spec.js:9:27)
                    at C:\Users\LS\AppData\Roaming\npm\node_modules\protractor\node_modules\jasminewd2\index.js:112:25
                    at new ManagedPromise (C:\Users\LS\AppData\Roaming\npm\node_modules\protractor\node_modules\selenium-webdriver\lib\promise.js:1077:7)
                    at ControlFlow.promise (C:\Users\LS\AppData\Roaming\npm\node_modules\protractor\node_modules\selenium-webdriver\lib\promise.js:2505:12)
                    at schedulerExecute (C:\Users\LS\AppData\Roaming\npm\node_modules\protractor\node_modules\jasminewd2\index.js:95:18)
                    at TaskQueue.execute_ (C:\Users\LS\AppData\Roaming\npm\node_modules\protractor\node_modules\selenium-webdriver\lib\promise.js:3084:14)
                    at TaskQueue.executeNext_ (C:\Users\LS\AppData\Roaming\npm\node_modules\protractor\node_modules\selenium-webdriver\lib\promise.js:3067:27)
                    at C:\Users\LS\AppData\Roaming\npm\node_modules\protractor\node_modules\selenium-webdriver\lib\promise.js:2974:25
                    at C:\Users\LS\AppData\Roaming\npm\node_modules\protractor\node_modules\selenium-webdriver\lib\promise.js:668:7
                    at processTicksAndRejections (internal/process/task_queues.js:93:5)
                From: Task: Run it("find lowest value") in control flow
                    at UserContext.&lt;anonymous> (C:\Users\LS\AppData\Roaming\npm\node_modules\protractor\node_modules\jasminewd2\index.js:94:19)
                    at attempt (C:\Users\LS\AppData\Roaming\npm\node_modules\protractor\node_modules\jasmine-core\lib\jasmine-core\jasmine.js:4297:26)
                    at QueueRunner.run (C:\Users\LS\AppData\Roaming\npm\node_modules\protractor\node_modules\jasmine-core\lib\jasmine-core\jasmine.js:4217:20)
                    at runNext (C:\Users\LS\AppData\Roaming\npm\node_modules\protractor\node_modules\jasmine-core\lib\jasmine-core\jasmine.js:4257:20)
                    at C:\Users\LS\AppData\Roaming\npm\node_modules\protractor\node_modules\jasmine-core\lib\jasmine-core\jasmine.js:4264:13
                    at C:\Users\LS\AppData\Roaming\npm\node_modules\protractor\node_modules\jasmine-core\lib\jasmine-core\jasmine.js:4172:9
                    at C:\Users\LS\AppData\Roaming\npm\node_modules\protractor\node_modules\jasminewd2\index.js:64:48
                    at ControlFlow.emit (C:\Users\LS\AppData\Roaming\npm\node_modules\protractor\node_modules\selenium-webdriver\lib\events.js:62:21)
                    at ControlFlow.shutdown_ (C:\Users\LS\AppData\Roaming\npm\node_modules\protractor\node_modules\selenium-webdriver\lib\promise.js:2674:10)
                    at C:\Users\LS\AppData\Roaming\npm\node_modules\protractor\node_modules\selenium-webdriver\lib\promise.js:2599:53
                From asynchronous test: 
                Error
                    at Suite.&lt;anonymous> (C:\Users\LS\Desktop\javascript_automation\Test_2_3\Tests\rangpur.spec.js:7:5)
                    at addSpecsToSuite (C:\Users\LS\AppData\Roaming\npm\node_modules\protractor\node_modules\jasmine-core\lib\jasmine-core\jasmine.js:1107:25)
                    at Env.describe (C:\Users\LS\AppData\Roaming\npm\node_modules\protractor\node_modules\jasmine-core\lib\jasmine-core\jasmine.js:1074:7)
                    at describe (C:\Users\LS\AppData\Roaming\npm\node_modules\protractor\node_modules\jasmine-core\lib\jasmine-core\jasmine.js:4399:18)
                    at Object.&lt;anonymous> (C:\Users\LS\Desktop\javascript_automation\Test_2_3\Tests\rangpur.spec.js:2:1)
                    at Module._compile (internal/modules/cjs/loader.js:1063:30)
                    at Object.Module._extensions..js (internal/modules/cjs/loader.js:1092:10)
                    at Module.load (internal/modules/cjs/loader.js:928:32)
                    at Function.Module._load (internal/modules/cjs/loader.js:769:14)</stack-trace>
            </failure>
        </test-case>
        <test-case start='1621440065872' status='failed' stop='1621440066249'>
            <name>click on loweat value</name>
            <title>click on loweat value</title>
            <labels/>
            <parameters/>
            <steps/>
            <attachments/>
            <failure>
                <message>Failed: rangpurPage.click_on_lowest_value is not a function</message>
                <stack-trace>TypeError: rangpurPage.click_on_lowest_value is not a function
                    at UserContext.&lt;anonymous> (C:\Users\LS\Desktop\javascript_automation\Test_2_3\Tests\rangpur.spec.js:13:27)
                    at C:\Users\LS\AppData\Roaming\npm\node_modules\protractor\node_modules\jasminewd2\index.js:112:25
                    at new ManagedPromise (C:\Users\LS\AppData\Roaming\npm\node_modules\protractor\node_modules\selenium-webdriver\lib\promise.js:1077:7)
                    at ControlFlow.promise (C:\Users\LS\AppData\Roaming\npm\node_modules\protractor\node_modules\selenium-webdriver\lib\promise.js:2505:12)
                    at schedulerExecute (C:\Users\LS\AppData\Roaming\npm\node_modules\protractor\node_modules\jasminewd2\index.js:95:18)
                    at TaskQueue.execute_ (C:\Users\LS\AppData\Roaming\npm\node_modules\protractor\node_modules\selenium-webdriver\lib\promise.js:3084:14)
                    at TaskQueue.executeNext_ (C:\Users\LS\AppData\Roaming\npm\node_modules\protractor\node_modules\selenium-webdriver\lib\promise.js:3067:27)
                    at C:\Users\LS\AppData\Roaming\npm\node_modules\protractor\node_modules\selenium-webdriver\lib\promise.js:2974:25
                    at C:\Users\LS\AppData\Roaming\npm\node_modules\protractor\node_modules\selenium-webdriver\lib\promise.js:668:7
                    at processTicksAndRejections (internal/process/task_queues.js:93:5)
                From: Task: Run it("click on loweat value") in control flow
                    at UserContext.&lt;anonymous> (C:\Users\LS\AppData\Roaming\npm\node_modules\protractor\node_modules\jasminewd2\index.js:94:19)
                    at attempt (C:\Users\LS\AppData\Roaming\npm\node_modules\protractor\node_modules\jasmine-core\lib\jasmine-core\jasmine.js:4297:26)
                    at QueueRunner.run (C:\Users\LS\AppData\Roaming\npm\node_modules\protractor\node_modules\jasmine-core\lib\jasmine-core\jasmine.js:4217:20)
                    at runNext (C:\Users\LS\AppData\Roaming\npm\node_modules\protractor\node_modules\jasmine-core\lib\jasmine-core\jasmine.js:4257:20)
                    at C:\Users\LS\AppData\Roaming\npm\node_modules\protractor\node_modules\jasmine-core\lib\jasmine-core\jasmine.js:4264:13
                    at C:\Users\LS\AppData\Roaming\npm\node_modules\protractor\node_modules\jasmine-core\lib\jasmine-core\jasmine.js:4172:9
                    at C:\Users\LS\AppData\Roaming\npm\node_modules\protractor\node_modules\jasminewd2\index.js:64:48
                    at ControlFlow.emit (C:\Users\LS\AppData\Roaming\npm\node_modules\protractor\node_modules\selenium-webdriver\lib\events.js:62:21)
                    at ControlFlow.shutdown_ (C:\Users\LS\AppData\Roaming\npm\node_modules\protractor\node_modules\selenium-webdriver\lib\promise.js:2674:10)
                    at C:\Users\LS\AppData\Roaming\npm\node_modules\protractor\node_modules\selenium-webdriver\lib\promise.js:2599:53
                From asynchronous test: 
                Error
                    at Suite.&lt;anonymous> (C:\Users\LS\Desktop\javascript_automation\Test_2_3\Tests\rangpur.spec.js:11:5)
                    at addSpecsToSuite (C:\Users\LS\AppData\Roaming\npm\node_modules\protractor\node_modules\jasmine-core\lib\jasmine-core\jasmine.js:1107:25)
                    at Env.describe (C:\Users\LS\AppData\Roaming\npm\node_modules\protractor\node_modules\jasmine-core\lib\jasmine-core\jasmine.js:1074:7)
                    at describe (C:\Users\LS\AppData\Roaming\npm\node_modules\protractor\node_modules\jasmine-core\lib\jasmine-core\jasmine.js:4399:18)
                    at Object.&lt;anonymous> (C:\Users\LS\Desktop\javascript_automation\Test_2_3\Tests\rangpur.spec.js:2:1)
                    at Module._compile (internal/modules/cjs/loader.js:1063:30)
                    at Object.Module._extensions..js (internal/modules/cjs/loader.js:1092:10)
                    at Module.load (internal/modules/cjs/loader.js:928:32)
                    at Function.Module._load (internal/modules/cjs/loader.js:769:14)</stack-trace>
            </failure>
        </test-case>
        <test-case start='1621440066249' status='failed' stop='1621440066352'>
            <name>find date text</name>
            <title>find date text</title>
            <labels/>
            <parameters/>
            <steps/>
            <attachments/>
            <failure>
                <message>Failed: Browsing context has been discarded</message>
                <stack-trace>NoSuchWindowError: Browsing context has been discarded
                    at Object.throwDecodedError (C:\Users\LS\AppData\Roaming\npm\node_modules\protractor\node_modules\selenium-webdriver\lib\error.js:514:15)
                    at parseHttpResponse (C:\Users\LS\AppData\Roaming\npm\node_modules\protractor\node_modules\selenium-webdriver\lib\http.js:519:13)
                    at C:\Users\LS\AppData\Roaming\npm\node_modules\protractor\node_modules\selenium-webdriver\lib\http.js:441:30
                    at processTicksAndRejections (internal/process/task_queues.js:93:5)
                From: Task: WebDriver.navigate().to(https://bikroy.com/en/ads/rangpur)
                    at Driver.schedule (C:\Users\LS\AppData\Roaming\npm\node_modules\protractor\node_modules\selenium-webdriver\lib\webdriver.js:807:17)
                    at Navigation.to (C:\Users\LS\AppData\Roaming\npm\node_modules\protractor\node_modules\selenium-webdriver\lib\webdriver.js:1133:25)
                    at Driver.get (C:\Users\LS\AppData\Roaming\npm\node_modules\protractor\node_modules\selenium-webdriver\lib\webdriver.js:988:28)
                    at ProtractorBrowser.get (C:\Users\LS\AppData\Roaming\npm\node_modules\protractor\built\browser.js:653:32)
                    at UserContext.&lt;anonymous> (C:\Users\LS\Desktop\javascript_automation\Test_2_3\Tests\rangpur.spec.js:5:23)
                    at C:\Users\LS\AppData\Roaming\npm\node_modules\protractor\node_modules\jasminewd2\index.js:112:25
                    at new ManagedPromise (C:\Users\LS\AppData\Roaming\npm\node_modules\protractor\node_modules\selenium-webdriver\lib\promise.js:1077:7)
                    at ControlFlow.promise (C:\Users\LS\AppData\Roaming\npm\node_modules\protractor\node_modules\selenium-webdriver\lib\promise.js:2505:12)
                    at schedulerExecute (C:\Users\LS\AppData\Roaming\npm\node_modules\protractor\node_modules\jasminewd2\index.js:95:18)
                    at TaskQueue.execute_ (C:\Users\LS\AppData\Roaming\npm\node_modules\protractor\node_modules\selenium-webdriver\lib\promise.js:3084:14)
                From: Task: Run beforeEach in control flow
                    at UserContext.&lt;anonymous> (C:\Users\LS\AppData\Roaming\npm\node_modules\protractor\node_modules\jasminewd2\index.js:94:19)
                    at attempt (C:\Users\LS\AppData\Roaming\npm\node_modules\protractor\node_modules\jasmine-core\lib\jasmine-core\jasmine.js:4297:26)
                    at QueueRunner.run (C:\Users\LS\AppData\Roaming\npm\node_modules\protractor\node_modules\jasmine-core\lib\jasmine-core\jasmine.js:4217:20)
                    at QueueRunner.execute (C:\Users\LS\AppData\Roaming\npm\node_modules\protractor\node_modules\jasmine-core\lib\jasmine-core\jasmine.js:4199:10)
                    at Spec.queueRunnerFactory (C:\Users\LS\AppData\Roaming\npm\node_modules\protractor\node_modules\jasmine-core\lib\jasmine-core\jasmine.js:909:35)
                    at Spec.execute (C:\Users\LS\AppData\Roaming\npm\node_modules\protractor\node_modules\jasmine-core\lib\jasmine-core\jasmine.js:526:10)
                    at UserContext.fn (C:\Users\LS\AppData\Roaming\npm\node_modules\protractor\node_modules\jasmine-core\lib\jasmine-core\jasmine.js:5340:37)
                    at attempt (C:\Users\LS\AppData\Roaming\npm\node_modules\protractor\node_modules\jasmine-core\lib\jasmine-core\jasmine.js:4297:26)
                    at QueueRunner.run (C:\Users\LS\AppData\Roaming\npm\node_modules\protractor\node_modules\jasmine-core\lib\jasmine-core\jasmine.js:4217:20)
                    at runNext (C:\Users\LS\AppData\Roaming\npm\node_modules\protractor\node_modules\jasmine-core\lib\jasmine-core\jasmine.js:4257:20)
                From asynchronous test: 
                Error
                    at Suite.&lt;anonymous> (C:\Users\LS\Desktop\javascript_automation\Test_2_3\Tests\rangpur.spec.js:3:5)
                    at addSpecsToSuite (C:\Users\LS\AppData\Roaming\npm\node_modules\protractor\node_modules\jasmine-core\lib\jasmine-core\jasmine.js:1107:25)
                    at Env.describe (C:\Users\LS\AppData\Roaming\npm\node_modules\protractor\node_modules\jasmine-core\lib\jasmine-core\jasmine.js:1074:7)
                    at describe (C:\Users\LS\AppData\Roaming\npm\node_modules\protractor\node_modules\jasmine-core\lib\jasmine-core\jasmine.js:4399:18)
                    at Object.&lt;anonymous> (C:\Users\LS\Desktop\javascript_automation\Test_2_3\Tests\rangpur.spec.js:2:1)
                    at Module._compile (internal/modules/cjs/loader.js:1063:30)
                    at Object.Module._extensions..js (internal/modules/cjs/loader.js:1092:10)
                    at Module.load (internal/modules/cjs/loader.js:928:32)
                    at Function.Module._load (internal/modules/cjs/loader.js:769:14)</stack-trace>
            </failure>
        </test-case>
        <test-case start='1621440066352' status='failed' stop='1621440066417'>
            <name>find element text</name>
            <title>find element text</title>
            <labels/>
            <parameters/>
            <steps/>
            <attachments/>
            <failure>
                <message>Failed: Browsing context has been discarded</message>
                <stack-trace>NoSuchWindowError: Browsing context has been discarded
                    at Object.throwDecodedError (C:\Users\LS\AppData\Roaming\npm\node_modules\protractor\node_modules\selenium-webdriver\lib\error.js:514:15)
                    at parseHttpResponse (C:\Users\LS\AppData\Roaming\npm\node_modules\protractor\node_modules\selenium-webdriver\lib\http.js:519:13)
                    at C:\Users\LS\AppData\Roaming\npm\node_modules\protractor\node_modules\selenium-webdriver\lib\http.js:441:30
                    at processTicksAndRejections (internal/process/task_queues.js:93:5)
                From: Task: WebDriver.navigate().to(https://bikroy.com/en/ads/rangpur)
                    at Driver.schedule (C:\Users\LS\AppData\Roaming\npm\node_modules\protractor\node_modules\selenium-webdriver\lib\webdriver.js:807:17)
                    at Navigation.to (C:\Users\LS\AppData\Roaming\npm\node_modules\protractor\node_modules\selenium-webdriver\lib\webdriver.js:1133:25)
                    at Driver.get (C:\Users\LS\AppData\Roaming\npm\node_modules\protractor\node_modules\selenium-webdriver\lib\webdriver.js:988:28)
                    at ProtractorBrowser.get (C:\Users\LS\AppData\Roaming\npm\node_modules\protractor\built\browser.js:653:32)
                    at UserContext.&lt;anonymous> (C:\Users\LS\Desktop\javascript_automation\Test_2_3\Tests\rangpur.spec.js:5:23)
                    at C:\Users\LS\AppData\Roaming\npm\node_modules\protractor\node_modules\jasminewd2\index.js:112:25
                    at new ManagedPromise (C:\Users\LS\AppData\Roaming\npm\node_modules\protractor\node_modules\selenium-webdriver\lib\promise.js:1077:7)
                    at ControlFlow.promise (C:\Users\LS\AppData\Roaming\npm\node_modules\protractor\node_modules\selenium-webdriver\lib\promise.js:2505:12)
                    at schedulerExecute (C:\Users\LS\AppData\Roaming\npm\node_modules\protractor\node_modules\jasminewd2\index.js:95:18)
                    at TaskQueue.execute_ (C:\Users\LS\AppData\Roaming\npm\node_modules\protractor\node_modules\selenium-webdriver\lib\promise.js:3084:14)
                From: Task: Run beforeEach in control flow
                    at UserContext.&lt;anonymous> (C:\Users\LS\AppData\Roaming\npm\node_modules\protractor\node_modules\jasminewd2\index.js:94:19)
                    at attempt (C:\Users\LS\AppData\Roaming\npm\node_modules\protractor\node_modules\jasmine-core\lib\jasmine-core\jasmine.js:4297:26)
                    at QueueRunner.run (C:\Users\LS\AppData\Roaming\npm\node_modules\protractor\node_modules\jasmine-core\lib\jasmine-core\jasmine.js:4217:20)
                    at QueueRunner.execute (C:\Users\LS\AppData\Roaming\npm\node_modules\protractor\node_modules\jasmine-core\lib\jasmine-core\jasmine.js:4199:10)
                    at Spec.queueRunnerFactory (C:\Users\LS\AppData\Roaming\npm\node_modules\protractor\node_modules\jasmine-core\lib\jasmine-core\jasmine.js:909:35)
                    at Spec.execute (C:\Users\LS\AppData\Roaming\npm\node_modules\protractor\node_modules\jasmine-core\lib\jasmine-core\jasmine.js:526:10)
                    at UserContext.fn (C:\Users\LS\AppData\Roaming\npm\node_modules\protractor\node_modules\jasmine-core\lib\jasmine-core\jasmine.js:5340:37)
                    at attempt (C:\Users\LS\AppData\Roaming\npm\node_modules\protractor\node_modules\jasmine-core\lib\jasmine-core\jasmine.js:4297:26)
                    at QueueRunner.run (C:\Users\LS\AppData\Roaming\npm\node_modules\protractor\node_modules\jasmine-core\lib\jasmine-core\jasmine.js:4217:20)
                    at runNext (C:\Users\LS\AppData\Roaming\npm\node_modules\protractor\node_modules\jasmine-core\lib\jasmine-core\jasmine.js:4257:20)
                From asynchronous test: 
                Error
                    at Suite.&lt;anonymous> (C:\Users\LS\Desktop\javascript_automation\Test_2_3\Tests\rangpur.spec.js:3:5)
                    at addSpecsToSuite (C:\Users\LS\AppData\Roaming\npm\node_modules\protractor\node_modules\jasmine-core\lib\jasmine-core\jasmine.js:1107:25)
                    at Env.describe (C:\Users\LS\AppData\Roaming\npm\node_modules\protractor\node_modules\jasmine-core\lib\jasmine-core\jasmine.js:1074:7)
                    at describe (C:\Users\LS\AppData\Roaming\npm\node_modules\protractor\node_modules\jasmine-core\lib\jasmine-core\jasmine.js:4399:18)
                    at Object.&lt;anonymous> (C:\Users\LS\Desktop\javascript_automation\Test_2_3\Tests\rangpur.spec.js:2:1)
                    at Module._compile (internal/modules/cjs/loader.js:1063:30)
                    at Object.Module._extensions..js (internal/modules/cjs/loader.js:1092:10)
                    at Module.load (internal/modules/cjs/loader.js:928:32)
                    at Function.Module._load (internal/modules/cjs/loader.js:769:14)</stack-trace>
            </failure>
        </test-case>
        <test-case start='1621440066417' status='failed' stop='1621440068565'>
            <name>click number button</name>
            <title>click number button</title>
            <labels/>
            <parameters/>
            <steps/>
            <attachments/>
            <failure>
                <message>Failed: Failed to decode response from marionette</message>
                <stack-trace>WebDriverError: Failed to decode response from marionette
                    at Object.throwDecodedError (C:\Users\LS\AppData\Roaming\npm\node_modules\protractor\node_modules\selenium-webdriver\lib\error.js:514:15)
                    at parseHttpResponse (C:\Users\LS\AppData\Roaming\npm\node_modules\protractor\node_modules\selenium-webdriver\lib\http.js:519:13)
                    at C:\Users\LS\AppData\Roaming\npm\node_modules\protractor\node_modules\selenium-webdriver\lib\http.js:441:30
                    at processTicksAndRejections (internal/process/task_queues.js:93:5)
                From: Task: WebDriver.navigate().to(https://bikroy.com/en/ads/rangpur)
                    at Driver.schedule (C:\Users\LS\AppData\Roaming\npm\node_modules\protractor\node_modules\selenium-webdriver\lib\webdriver.js:807:17)
                    at Navigation.to (C:\Users\LS\AppData\Roaming\npm\node_modules\protractor\node_modules\selenium-webdriver\lib\webdriver.js:1133:25)
                    at Driver.get (C:\Users\LS\AppData\Roaming\npm\node_modules\protractor\node_modules\selenium-webdriver\lib\webdriver.js:988:28)
                    at ProtractorBrowser.get (C:\Users\LS\AppData\Roaming\npm\node_modules\protractor\built\browser.js:653:32)
                    at UserContext.&lt;anonymous> (C:\Users\LS\Desktop\javascript_automation\Test_2_3\Tests\rangpur.spec.js:5:23)
                    at C:\Users\LS\AppData\Roaming\npm\node_modules\protractor\node_modules\jasminewd2\index.js:112:25
                    at new ManagedPromise (C:\Users\LS\AppData\Roaming\npm\node_modules\protractor\node_modules\selenium-webdriver\lib\promise.js:1077:7)
                    at ControlFlow.promise (C:\Users\LS\AppData\Roaming\npm\node_modules\protractor\node_modules\selenium-webdriver\lib\promise.js:2505:12)
                    at schedulerExecute (C:\Users\LS\AppData\Roaming\npm\node_modules\protractor\node_modules\jasminewd2\index.js:95:18)
                    at TaskQueue.execute_ (C:\Users\LS\AppData\Roaming\npm\node_modules\protractor\node_modules\selenium-webdriver\lib\promise.js:3084:14)
                From: Task: Run beforeEach in control flow
                    at UserContext.&lt;anonymous> (C:\Users\LS\AppData\Roaming\npm\node_modules\protractor\node_modules\jasminewd2\index.js:94:19)
                    at attempt (C:\Users\LS\AppData\Roaming\npm\node_modules\protractor\node_modules\jasmine-core\lib\jasmine-core\jasmine.js:4297:26)
                    at QueueRunner.run (C:\Users\LS\AppData\Roaming\npm\node_modules\protractor\node_modules\jasmine-core\lib\jasmine-core\jasmine.js:4217:20)
                    at QueueRunner.execute (C:\Users\LS\AppData\Roaming\npm\node_modules\protractor\node_modules\jasmine-core\lib\jasmine-core\jasmine.js:4199:10)
                    at Spec.queueRunnerFactory (C:\Users\LS\AppData\Roaming\npm\node_modules\protractor\node_modules\jasmine-core\lib\jasmine-core\jasmine.js:909:35)
                    at Spec.execute (C:\Users\LS\AppData\Roaming\npm\node_modules\protractor\node_modules\jasmine-core\lib\jasmine-core\jasmine.js:526:10)
                    at UserContext.fn (C:\Users\LS\AppData\Roaming\npm\node_modules\protractor\node_modules\jasmine-core\lib\jasmine-core\jasmine.js:5340:37)
                    at attempt (C:\Users\LS\AppData\Roaming\npm\node_modules\protractor\node_modules\jasmine-core\lib\jasmine-core\jasmine.js:4297:26)
                    at QueueRunner.run (C:\Users\LS\AppData\Roaming\npm\node_modules\protractor\node_modules\jasmine-core\lib\jasmine-core\jasmine.js:4217:20)
                    at runNext (C:\Users\LS\AppData\Roaming\npm\node_modules\protractor\node_modules\jasmine-core\lib\jasmine-core\jasmine.js:4257:20)
                From asynchronous test: 
                Error
                    at Suite.&lt;anonymous> (C:\Users\LS\Desktop\javascript_automation\Test_2_3\Tests\rangpur.spec.js:3:5)
                    at addSpecsToSuite (C:\Users\LS\AppData\Roaming\npm\node_modules\protractor\node_modules\jasmine-core\lib\jasmine-core\jasmine.js:1107:25)
                    at Env.describe (C:\Users\LS\AppData\Roaming\npm\node_modules\protractor\node_modules\jasmine-core\lib\jasmine-core\jasmine.js:1074:7)
                    at describe (C:\Users\LS\AppData\Roaming\npm\node_modules\protractor\node_modules\jasmine-core\lib\jasmine-core\jasmine.js:4399:18)
                    at Object.&lt;anonymous> (C:\Users\LS\Desktop\javascript_automation\Test_2_3\Tests\rangpur.spec.js:2:1)
                    at Module._compile (internal/modules/cjs/loader.js:1063:30)
                    at Object.Module._extensions..js (internal/modules/cjs/loader.js:1092:10)
                    at Module.load (internal/modules/cjs/loader.js:928:32)
                    at Function.Module._load (internal/modules/cjs/loader.js:769:14)</stack-trace>
            </failure>
        </test-case>
        <test-case start='1621440068565' status='failed' stop='1621440068571'>
            <name>valid_phone_number</name>
            <title>valid_phone_number</title>
            <labels/>
            <parameters/>
            <steps/>
            <attachments/>
            <failure>
                <message>Failed: Tried to run command without establishing a connection</message>
                <stack-trace>NoSuchSessionError: Tried to run command without establishing a connection
                    at Object.throwDecodedError (C:\Users\LS\AppData\Roaming\npm\node_modules\protractor\node_modules\selenium-webdriver\lib\error.js:514:15)
                    at parseHttpResponse (C:\Users\LS\AppData\Roaming\npm\node_modules\protractor\node_modules\selenium-webdriver\lib\http.js:519:13)
                    at C:\Users\LS\AppData\Roaming\npm\node_modules\protractor\node_modules\selenium-webdriver\lib\http.js:441:30
                    at processTicksAndRejections (internal/process/task_queues.js:93:5)
                From: Task: WebDriver.navigate().to(https://bikroy.com/en/ads/rangpur)
                    at Driver.schedule (C:\Users\LS\AppData\Roaming\npm\node_modules\protractor\node_modules\selenium-webdriver\lib\webdriver.js:807:17)
                    at Navigation.to (C:\Users\LS\AppData\Roaming\npm\node_modules\protractor\node_modules\selenium-webdriver\lib\webdriver.js:1133:25)
                    at Driver.get (C:\Users\LS\AppData\Roaming\npm\node_modules\protractor\node_modules\selenium-webdriver\lib\webdriver.js:988:28)
                    at ProtractorBrowser.get (C:\Users\LS\AppData\Roaming\npm\node_modules\protractor\built\browser.js:653:32)
                    at UserContext.&lt;anonymous> (C:\Users\LS\Desktop\javascript_automation\Test_2_3\Tests\rangpur.spec.js:5:23)
                    at C:\Users\LS\AppData\Roaming\npm\node_modules\protractor\node_modules\jasminewd2\index.js:112:25
                    at new ManagedPromise (C:\Users\LS\AppData\Roaming\npm\node_modules\protractor\node_modules\selenium-webdriver\lib\promise.js:1077:7)
                    at ControlFlow.promise (C:\Users\LS\AppData\Roaming\npm\node_modules\protractor\node_modules\selenium-webdriver\lib\promise.js:2505:12)
                    at schedulerExecute (C:\Users\LS\AppData\Roaming\npm\node_modules\protractor\node_modules\jasminewd2\index.js:95:18)
                    at TaskQueue.execute_ (C:\Users\LS\AppData\Roaming\npm\node_modules\protractor\node_modules\selenium-webdriver\lib\promise.js:3084:14)
                From: Task: Run beforeEach in control flow
                    at UserContext.&lt;anonymous> (C:\Users\LS\AppData\Roaming\npm\node_modules\protractor\node_modules\jasminewd2\index.js:94:19)
                    at attempt (C:\Users\LS\AppData\Roaming\npm\node_modules\protractor\node_modules\jasmine-core\lib\jasmine-core\jasmine.js:4297:26)
                    at QueueRunner.run (C:\Users\LS\AppData\Roaming\npm\node_modules\protractor\node_modules\jasmine-core\lib\jasmine-core\jasmine.js:4217:20)
                    at QueueRunner.execute (C:\Users\LS\AppData\Roaming\npm\node_modules\protractor\node_modules\jasmine-core\lib\jasmine-core\jasmine.js:4199:10)
                    at Spec.queueRunnerFactory (C:\Users\LS\AppData\Roaming\npm\node_modules\protractor\node_modules\jasmine-core\lib\jasmine-core\jasmine.js:909:35)
                    at Spec.execute (C:\Users\LS\AppData\Roaming\npm\node_modules\protractor\node_modules\jasmine-core\lib\jasmine-core\jasmine.js:526:10)
                    at UserContext.fn (C:\Users\LS\AppData\Roaming\npm\node_modules\protractor\node_modules\jasmine-core\lib\jasmine-core\jasmine.js:5340:37)
                    at attempt (C:\Users\LS\AppData\Roaming\npm\node_modules\protractor\node_modules\jasmine-core\lib\jasmine-core\jasmine.js:4297:26)
                    at QueueRunner.run (C:\Users\LS\AppData\Roaming\npm\node_modules\protractor\node_modules\jasmine-core\lib\jasmine-core\jasmine.js:4217:20)
                    at runNext (C:\Users\LS\AppData\Roaming\npm\node_modules\protractor\node_modules\jasmine-core\lib\jasmine-core\jasmine.js:4257:20)
                From asynchronous test: 
                Error
                    at Suite.&lt;anonymous> (C:\Users\LS\Desktop\javascript_automation\Test_2_3\Tests\rangpur.spec.js:3:5)
                    at addSpecsToSuite (C:\Users\LS\AppData\Roaming\npm\node_modules\protractor\node_modules\jasmine-core\lib\jasmine-core\jasmine.js:1107:25)
                    at Env.describe (C:\Users\LS\AppData\Roaming\npm\node_modules\protractor\node_modules\jasmine-core\lib\jasmine-core\jasmine.js:1074:7)
                    at describe (C:\Users\LS\AppData\Roaming\npm\node_modules\protractor\node_modules\jasmine-core\lib\jasmine-core\jasmine.js:4399:18)
                    at Object.&lt;anonymous> (C:\Users\LS\Desktop\javascript_automation\Test_2_3\Tests\rangpur.spec.js:2:1)
                    at Module._compile (internal/modules/cjs/loader.js:1063:30)
                    at Object.Module._extensions..js (internal/modules/cjs/loader.js:1092:10)
                    at Module.load (internal/modules/cjs/loader.js:928:32)
                    at Function.Module._load (internal/modules/cjs/loader.js:769:14)</stack-trace>
            </failure>
        </test-case>
    </test-cases>
</ns2:test-suite>